#
# A fatal error has been detected by the Java Runtime Environment:
#
#  Internal Error (javaClasses.cpp:124), pid=5424, tid=5952
#  fatal error: Invalid layout of preloaded class
#
# JRE version:  (8.0_05-b13) (build )
# Java VM: Java HotSpot(TM) Client VM (25.5-b02 mixed mode windows-x86 )
# Failed to write core dump. Minidumps are not enabled by default on client versions of Windows
#
# If you would like to submit a bug report, please visit:
#   http://bugreport.sun.com/bugreport/crash.jsp
#

---------------  T H R E A D  ---------------

Current thread (0x005bc000):  JavaThread "Unknown thread" [_thread_in_vm, id=5952, stack(0x01670000,0x016c0000)]

Stack: [0x01670000,0x016c0000],  sp=0x016bf66c,  free space=317k
Native frames: (J=compiled Java code, j=interpreted, Vv=VM code, C=native code)
V  [jvm.dll+0x1921e8]
V  [jvm.dll+0x18b2e6]
V  [jvm.dll+0x3aafa]
V  [jvm.dll+0x3acb0]
V  [jvm.dll+0x499f3]
V  [jvm.dll+0x9c1ae]
V  [jvm.dll+0x9c472]
V  [jvm.dll+0x140ae1]
V  [jvm.dll+0x1647e8]
V  [jvm.dll+0xd8c61]
C  [javaw.exe+0x13ce]
C  [javaw.exe+0x1e85]
C  [javaw.exe+0xab71]
C  [javaw.exe+0xabfb]
C  [kernel32.dll+0x51174]
C  [ntdll.dll+0x5b3f5]
C  [ntdll.dll+0x5b3c8]


---------------  P R O C E S S  ---------------

Java Threads: ( => current thread )

Other Threads:

=>0x005bc000 (exited) JavaThread "Unknown thread" [_thread_in_vm, id=5952, stack(0x01670000,0x016c0000)]

VM state:not at safepoint (not fully initialized)

VM Mutex/Monitor currently owned by a thread: None

GC Heap History (0 events):
No events

Deoptimization events (0 events):
No events

Internal exceptions (0 events):
No events

Events (10 events):
Event: 0.698 loading class java/lang/CharSequence done
Event: 0.698 loading class java/lang/String done
Event: 0.698 loading class java/lang/Class
Event: 0.698 loading class java/lang/reflect/AnnotatedElement
Event: 0.726 loading class java/lang/reflect/AnnotatedElement done
Event: 0.726 loading class java/lang/reflect/GenericDeclaration
Event: 0.726 loading class java/lang/reflect/GenericDeclaration done
Event: 0.726 loading class java/lang/reflect/Type
Event: 0.726 loading class java/lang/reflect/Type done
Event: 0.726 loading class java/lang/Class done


Dynamic libraries:
0x001a0000 - 0x001d0000 	C:\Program Files\Java\jre8\bin\javaw.exe
0x77ae0000 - 0x77c1c000 	C:\Windows\SYSTEM32\ntdll.dll
0x778c0000 - 0x77994000 	C:\Windows\system32\kernel32.dll
0x75d90000 - 0x75dda000 	C:\Windows\system32\KERNELBASE.dll
0x76260000 - 0x76300000 	C:\Windows\system32\ADVAPI32.dll
0x76670000 - 0x7671c000 	C:\Windows\system32\msvcrt.dll
0x75f30000 - 0x75f49000 	C:\Windows\SYSTEM32\sechost.dll
0x77540000 - 0x775e1000 	C:\Windows\system32\RPCRT4.dll
0x777f0000 - 0x778b9000 	C:\Windows\system32\USER32.dll
0x76210000 - 0x7625e000 	C:\Windows\system32\GDI32.dll
0x77cb0000 - 0x77cba000 	C:\Windows\system32\LPK.dll
0x765d0000 - 0x7666d000 	C:\Windows\system32\USP10.dll
0x74e50000 - 0x74fee000 	C:\Windows\WinSxS\x86_microsoft.windows.common-controls_6595b64144ccf1df_6.0.7600.16385_none_421189da2b7fabfc\COMCTL32.dll
0x75f50000 - 0x75fa7000 	C:\Windows\system32\SHLWAPI.dll
0x76110000 - 0x7612f000 	C:\Windows\system32\IMM32.DLL
0x77470000 - 0x7753c000 	C:\Windows\system32\MSCTF.dll
0x73620000 - 0x736df000 	C:\Program Files\Java\jre8\bin\msvcr100.dll
0x5dfb0000 - 0x5e346000 	C:\Program Files\Java\jre8\bin\client\jvm.dll
0x75200000 - 0x75207000 	C:\Windows\system32\WSOCK32.dll
0x761d0000 - 0x76205000 	C:\Windows\system32\WS2_32.dll
0x76360000 - 0x76366000 	C:\Windows\system32\NSI.dll
0x750f0000 - 0x75122000 	C:\Windows\system32\WINMM.dll
0x76370000 - 0x76375000 	C:\Windows\system32\PSAPI.DLL
0x73980000 - 0x7398c000 	C:\Program Files\Java\jre8\bin\verify.dll
0x72430000 - 0x72451000 	C:\Program Files\Java\jre8\bin\java.dll
0x738f0000 - 0x73903000 	C:\Program Files\Java\jre8\bin\zip.dll
0x64dc0000 - 0x64eab000 	C:\Windows\system32\dbghelp.dll

VM Arguments:
jvm_args: -Dfile.encoding=Cp1252 -Xbootclasspath:F:\android\android material\sdk\platforms\android-4.2\android.jar 
java_command: Ccl
java_class_path (initial): C:\Android\Projects\FirstProject\bin\classes;C:\Android\Projects\FirstProject\libs\android-support-v4.jar
Launcher Type: SUN_STANDARD

Environment Variables:
PATH=C:/Program Files/Java/jre8/bin/client;C:/Program Files/Java/jre8/bin;C:/Program Files/Java/jre8/lib/i386;C:\Windows\system32;C:\Windows;C:\Windows\System32\Wbem;C:\Windows\System32\WindowsPowerShell\v1.0\;C:\Program Files\Microsoft SQL Server\100\Tools\Binn\;C:\Program Files\Microsoft SQL Server\100\DTS\Binn\;C:\Program Files\Microsoft SQL Server\100\Tools\Binn\VSShell\Common7\IDE\;C:\Program Files\Microsoft Visual Studio 9.0\Common7\IDE\PrivateAssemblies\;C:\Program Files\Microsoft SQL Server\90\Tools\binn\;C:\Program Files\Microsoft ASP.NET\ASP.NET Web Pages\v1.0\;C:\Program Files\Windows Kits\8.0\Windows Performance Toolkit\;C:\Program Files\Microsoft SQL Server\110\Tools\Binn\;C:\Program Files\Microsoft\Web Platform Installer\;C:\Program Files\Microsoft SDKs\Windows Azure\CLI\wbin;C:\Program Files\Microsoft SQL Server Migration Assistant for Access\bin\;C:\Modeltech_pe_edu_10.3b\win32pe_edu;F:\android\android material\eclipse;
USERNAME=Abile
OS=Windows_NT
PROCESSOR_IDENTIFIER=x86 Family 6 Model 23 Stepping 10, GenuineIntel



---------------  S Y S T E M  ---------------

OS: Windows 7 Build 7600 

CPU:total 2 (2 cores per cpu, 1 threads per core) family 6 model 23 stepping 10, cmov, cx8, fxsr, mmx, sse, sse2, sse3, ssse3, tsc

Memory: 4k page, physical 2061432k(448500k free), swap 4122864k(691256k free)

vm_info: Java HotSpot(TM) Client VM (25.5-b02) for windows-x86 JRE (1.8.0_05-b13), built on Mar 18 2014 01:14:47 by "java_re" with MS VC++ 10.0 (VS2010)

time: Thu Jul 10 15:04:41 2014
elapsed time: 1 seconds

